\BOOKMARK [0][-]{chapter.1}{\376\377\000O\000v\000e\000r\000v\000i\000e\000w}{}% 1
\BOOKMARK [0][-]{chapter.2}{\376\377\000C\000o\000n\000t\000e\000n\000t\000s}{}% 2
\BOOKMARK [1][-]{section.2.1}{\376\377\000P\000r\000o\000j\000e\000c\000t}{chapter.2}% 3
\BOOKMARK [2][-]{subsection.2.1.1}{\376\377\000H\000i\000s\000t\000o\000r\000y}{section.2.1}% 4
\BOOKMARK [2][-]{subsection.2.1.2}{\376\377\000C\000o\000m\000m\000i\000t\000t\000e\000r\000s}{section.2.1}% 5
\BOOKMARK [2][-]{subsection.2.1.3}{\376\377\000R\000e\000s\000o\000u\000r\000c\000e\000s}{section.2.1}% 6
\BOOKMARK [2][-]{subsection.2.1.4}{\376\377\000R\000o\000a\000d\000m\000a\000p}{section.2.1}% 7
\BOOKMARK [1][-]{section.2.2}{\376\377\000L\000i\000c\000e\000n\000s\000e}{chapter.2}% 8
\BOOKMARK [1][-]{section.2.3}{\376\377\000I\000n\000s\000t\000a\000l\000l\000a\000t\000i\000o\000n}{chapter.2}% 9
\BOOKMARK [2][-]{subsection.2.3.1}{\376\377\000I\000n\000s\000t\000a\000l\000l\000\040\000f\000r\000o\000m\000\040\000P\000y\000P\000i}{section.2.3}% 10
\BOOKMARK [2][-]{subsection.2.3.2}{\376\377\000I\000n\000s\000t\000a\000l\000l\000\040\000f\000r\000o\000m\000\040\000s\000o\000u\000r\000c\000e}{section.2.3}% 11
\BOOKMARK [1][-]{section.2.4}{\376\377\000T\000u\000t\000o\000r\000i\000a\000l}{chapter.2}% 12
\BOOKMARK [2][-]{subsection.2.4.1}{\376\377\000B\000a\000s\000i\000c\000\040\000O\000p\000e\000r\000a\000t\000i\000o\000n\000s}{section.2.4}% 13
\BOOKMARK [2][-]{subsection.2.4.2}{\376\377\000C\000h\000a\000i\000n\000i\000n\000g\000\040\000S\000o\000u\000r\000c\000e\000s}{section.2.4}% 14
\BOOKMARK [2][-]{subsection.2.4.3}{\376\377\000U\000s\000i\000n\000g\000\040\000D\000a\000t\000a\000b\000a\000s\000e\000s}{section.2.4}% 15
\BOOKMARK [2][-]{subsection.2.4.4}{\376\377\000U\000s\000i\000n\000g\000\040\000E\000x\000p\000e\000r\000i\000m\000e\000n\000t\000s}{section.2.4}% 16
\BOOKMARK [2][-]{subsection.2.4.5}{\376\377\000H\000y\000p\000e\000r\000p\000a\000r\000a\000m\000e\000t\000e\000r\000\040\000O\000p\000t\000i\000m\000i\000z\000a\000t\000i\000o\000n}{section.2.4}% 17
\BOOKMARK [1][-]{section.2.5}{\376\377\000A\000P\000I\000\040\000R\000e\000f\000e\000r\000e\000n\000c\000e}{chapter.2}% 18
\BOOKMARK [2][-]{subsection.2.5.1}{\376\377\000M\000e\000s\000s\000a\000g\000e\000s}{section.2.5}% 19
\BOOKMARK [2][-]{subsection.2.5.2}{\376\377\000P\000i\000p\000e\000s}{section.2.5}% 20
\BOOKMARK [2][-]{subsection.2.5.3}{\376\377\000J\000u\000n\000c\000t\000i\000o\000n\000s}{section.2.5}% 21
\BOOKMARK [2][-]{subsection.2.5.4}{\376\377\000M\000o\000d\000e\000l\000s}{section.2.5}% 22
\BOOKMARK [2][-]{subsection.2.5.5}{\376\377\000D\000a\000t\000a\000b\000a\000s\000e}{section.2.5}% 23
\BOOKMARK [2][-]{subsection.2.5.6}{\376\377\000E\000x\000p\000e\000r\000i\000m\000e\000n\000t}{section.2.5}% 24
\BOOKMARK [2][-]{subsection.2.5.7}{\376\377\000F\000a\000c\000t\000o\000r\000y}{section.2.5}% 25
\BOOKMARK [2][-]{subsection.2.5.8}{\376\377\000M\000i\000s\000c\000e\000l\000l\000a\000n\000e\000o\000u\000s}{section.2.5}% 26
\BOOKMARK [0][-]{chapter.3}{\376\377\000I\000n\000d\000i\000c\000e\000s\000\040\000a\000n\000d\000\040\000t\000a\000b\000l\000e\000s}{}% 27
\BOOKMARK [0][-]{section*.215}{\376\377\000P\000y\000t\000h\000o\000n\000\040\000M\000o\000d\000u\000l\000e\000\040\000I\000n\000d\000e\000x}{}% 28
\BOOKMARK [0][-]{section*.216}{\376\377\000I\000n\000d\000e\000x}{}% 29
